2025-01-28 09:24:47,392 - Inicio de la simulación de la Copa Libertadores 2025
2025-01-28 09:24:47,395 - Resultados de la Fase de Grupos:
2025-01-28 09:24:47,402 -    Grupo                   Equipo  Pts  PJ  G  E  P  GF  GC  DIF
0      A              River Plate   14   6  4  2  0  12   4    8
1      A                LDU Quito   10   6  3  1  2   9   6    3
2      A         Sporting Cristal    5   6  1  2  3   6  10   -4
3      A                 Carabobo    1   6  0  1  5   3  10   -7
4      B                 Flamengo   13   6  4  1  1  11   5    6
5      B  Independiente del Valle   11   6  3  2  1  10   6    4
6      B            Universitario    6   6  2  0  4   7   9   -2
7      B     Atlético Bucaramanga    0   6  0  0  6   2  15  -13
8      C                Palmeiras   16   6  5  1  0  14   3   11
9      C  Estudiantes de La Plata    9   6  3  0  3   8   7    1
10     C        Deportivo Táchira    7   6  2  1  3   6   9   -3
11     C          Central Córdoba    1   6  0  1  5   4  13   -9
12     D             Boca Juniors   12   6  3  3  0  10   4    6
13     D                  Olimpia   10   6  3  1  2   9   7    2
14     D                Fortaleza    7   6  2  1  3   7   8   -1
15     D    San Antonio Bulo Bulo    1   6  0  1  5   3  10   -7
2025-01-28 09:24:47,402 - Resultados de las Fases Eliminatorias:
2025-01-28 09:24:47,404 -                Fase                 Equipo 1      Equipo 2                                  Resultado
0  Octavos de Final                LDU Quito      Flamengo                                        1-3
1  Octavos de Final  Estudiantes de La Plata   River Plate  3-3 (River avanza por goles de visitante)
2  Octavos de Final                  Olimpia     Palmeiras                                        1-2
3  Octavos de Final            Internacional  Boca Juniors                                        2-3
4  Cuartos de Final              River Plate      Flamengo                                        3-2
5  Cuartos de Final                Palmeiras  Boca Juniors                                        1-2
6       Semifinales             Boca Juniors   River Plate                                        1-2
7             Final              River Plate     São Paulo                                        2-1
2025-01-28 09:24:47,404 - Tabla de Goleadores:
2025-01-28 09:24:47,405 -             Jugador       Equipo  Goles
0             Pedro     Flamengo      7
1    Julián Álvarez  River Plate      6
2  Jonathan Calleri    São Paulo      6
3      Miguel Borja  River Plate      5
4       Germán Cano   Fluminense      5
2025-01-28 09:25:54,174 - Simulación completada exitosamente.
